<?xml version="1.0" encoding="UTF-8"?>
<!-- Generated by org.testng.reporters.JUnitXMLReporter -->
<testsuite hostname="admin-PC" ignored="0" name="Command line test" tests="5" failures="1" timestamp="21 Nov 2017 11:35:18 GMT" time="27.667" errors="0">
  <testcase name="Benifits" time="22.581" classname="Testcases.LifeInsuranceCheckValidationTest"/>
  <testcase name="Life" time="5.071" classname="Testcases.LifeInsuranceCheckValidationTest">
    <failure type="java.lang.AssertionError" message="null">
      <![CDATA[java.lang.AssertionError: null
	at Testcases.LifeInsuranceCheckValidationTest.Life(LifeInsuranceCheckValidationTest.java:40)
... Removed 36 stack frames]]>
    </failure>
  </testcase> <!-- Life -->
  <testcase name="CheckValidationForBeneficiary" time="0.0" classname="Testcases.LifeInsuranceCheckValidationTest">
    <skipped/>
  </testcase> <!-- CheckValidationForBeneficiary -->
  <testcase name="CheckValidationForInsurance" time="0.0" classname="Testcases.LifeInsuranceCheckValidationTest">
    <skipped/>
  </testcase> <!-- CheckValidationForInsurance -->
  <testcase name="CheckValidationForSignature" time="0.0" classname="Testcases.LifeInsuranceCheckValidationTest">
    <skipped/>
  </testcase> <!-- CheckValidationForSignature -->
</testsuite> <!-- Command line test -->
