<?xml version="1.0" encoding="UTF-8"?>
<!-- Generated by org.testng.reporters.JUnitXMLReporter -->
<testsuite hostname="admin-PC" ignored="0" name="Command line test" tests="4" failures="1" timestamp="21 Nov 2017 11:33:53 GMT" time="26.096" errors="0">
  <testcase name="Benifits" time="20.995" classname="Testcases.HealthBenefitsCheckValidationTest"/>
  <testcase name="Health" time="5.087" classname="Testcases.HealthBenefitsCheckValidationTest">
    <failure type="java.lang.AssertionError" message="null">
      <![CDATA[java.lang.AssertionError: null
	at Testcases.HealthBenefitsCheckValidationTest.Health(HealthBenefitsCheckValidationTest.java:51)
... Removed 36 stack frames]]>
    </failure>
  </testcase> <!-- Health -->
  <testcase name="CheckValidationforEnrollment" time="0.0" classname="Testcases.HealthBenefitsCheckValidationTest">
    <skipped/>
  </testcase> <!-- CheckValidationforEnrollment -->
  <testcase name="CheckValidationforPremium" time="0.0" classname="Testcases.HealthBenefitsCheckValidationTest">
    <skipped/>
  </testcase> <!-- CheckValidationforPremium -->
</testsuite> <!-- Command line test -->
